  RiverRaid.cpp
C:\Users\Rebecca\source\repos\RiverRaid\RiverRaid\RiverRaid.cpp(190,23): warning C4244: 'argumento': conversão de 'int' para 'GLfloat', possível perda de dados
C:\Users\Rebecca\source\repos\RiverRaid\RiverRaid\RiverRaid.cpp(190,18): warning C4244: 'argumento': conversão de 'int' para 'GLfloat', possível perda de dados
C:\Users\Rebecca\source\repos\RiverRaid\RiverRaid\RiverRaid.cpp(195,18): warning C4244: 'argumento': conversão de 'int' para 'GLfloat', possível perda de dados
C:\Users\Rebecca\source\repos\RiverRaid\RiverRaid\RiverRaid.cpp(196,18): warning C4244: 'argumento': conversão de 'int' para 'GLfloat', possível perda de dados
C:\Users\Rebecca\source\repos\RiverRaid\RiverRaid\RiverRaid.cpp(197,18): warning C4244: 'argumento': conversão de 'int' para 'GLfloat', possível perda de dados
C:\Users\Rebecca\source\repos\RiverRaid\RiverRaid\RiverRaid.cpp(198,18): warning C4244: 'argumento': conversão de 'int' para 'GLfloat', possível perda de dados
C:\Users\Rebecca\source\repos\RiverRaid\RiverRaid\RiverRaid.cpp(205,18): warning C4244: 'argumento': conversão de 'int' para 'GLfloat', possível perda de dados
C:\Users\Rebecca\source\repos\RiverRaid\RiverRaid\RiverRaid.cpp(206,18): warning C4244: 'argumento': conversão de 'int' para 'GLfloat', possível perda de dados
C:\Users\Rebecca\source\repos\RiverRaid\RiverRaid\RiverRaid.cpp(207,18): warning C4244: 'argumento': conversão de 'int' para 'GLfloat', possível perda de dados
C:\Users\Rebecca\source\repos\RiverRaid\RiverRaid\RiverRaid.cpp(208,18): warning C4244: 'argumento': conversão de 'int' para 'GLfloat', possível perda de dados
C:\Users\Rebecca\source\repos\RiverRaid\RiverRaid\RiverRaid.cpp(214,18): warning C4244: 'argumento': conversão de 'int' para 'GLfloat', possível perda de dados
C:\Users\Rebecca\source\repos\RiverRaid\RiverRaid\RiverRaid.cpp(215,18): warning C4244: 'argumento': conversão de 'int' para 'GLfloat', possível perda de dados
C:\Users\Rebecca\source\repos\RiverRaid\RiverRaid\RiverRaid.cpp(216,18): warning C4244: 'argumento': conversão de 'int' para 'GLfloat', possível perda de dados
C:\Users\Rebecca\source\repos\RiverRaid\RiverRaid\RiverRaid.cpp(217,18): warning C4244: 'argumento': conversão de 'int' para 'GLfloat', possível perda de dados
C:\Users\Rebecca\source\repos\RiverRaid\RiverRaid\RiverRaid.cpp(223,18): warning C4244: 'argumento': conversão de 'int' para 'GLfloat', possível perda de dados
C:\Users\Rebecca\source\repos\RiverRaid\RiverRaid\RiverRaid.cpp(224,18): warning C4244: 'argumento': conversão de 'int' para 'GLfloat', possível perda de dados
C:\Users\Rebecca\source\repos\RiverRaid\RiverRaid\RiverRaid.cpp(225,18): warning C4244: 'argumento': conversão de 'int' para 'GLfloat', possível perda de dados
C:\Users\Rebecca\source\repos\RiverRaid\RiverRaid\RiverRaid.cpp(226,18): warning C4244: 'argumento': conversão de 'int' para 'GLfloat', possível perda de dados
C:\Users\Rebecca\source\repos\RiverRaid\RiverRaid\RiverRaid.cpp(232,18): warning C4244: 'argumento': conversão de 'int' para 'GLfloat', possível perda de dados
C:\Users\Rebecca\source\repos\RiverRaid\RiverRaid\RiverRaid.cpp(233,18): warning C4244: 'argumento': conversão de 'int' para 'GLfloat', possível perda de dados
C:\Users\Rebecca\source\repos\RiverRaid\RiverRaid\RiverRaid.cpp(234,18): warning C4244: 'argumento': conversão de 'int' para 'GLfloat', possível perda de dados
C:\Users\Rebecca\source\repos\RiverRaid\RiverRaid\RiverRaid.cpp(235,18): warning C4244: 'argumento': conversão de 'int' para 'GLfloat', possível perda de dados
C:\Users\Rebecca\source\repos\RiverRaid\RiverRaid\RiverRaid.cpp(241,18): warning C4244: 'argumento': conversão de 'int' para 'GLfloat', possível perda de dados
C:\Users\Rebecca\source\repos\RiverRaid\RiverRaid\RiverRaid.cpp(242,18): warning C4244: 'argumento': conversão de 'int' para 'GLfloat', possível perda de dados
C:\Users\Rebecca\source\repos\RiverRaid\RiverRaid\RiverRaid.cpp(243,18): warning C4244: 'argumento': conversão de 'int' para 'GLfloat', possível perda de dados
C:\Users\Rebecca\source\repos\RiverRaid\RiverRaid\RiverRaid.cpp(244,18): warning C4244: 'argumento': conversão de 'int' para 'GLfloat', possível perda de dados
C:\Users\Rebecca\source\repos\RiverRaid\RiverRaid\RiverRaid.cpp(250,18): warning C4244: 'argumento': conversão de 'int' para 'GLfloat', possível perda de dados
C:\Users\Rebecca\source\repos\RiverRaid\RiverRaid\RiverRaid.cpp(251,18): warning C4244: 'argumento': conversão de 'int' para 'GLfloat', possível perda de dados
C:\Users\Rebecca\source\repos\RiverRaid\RiverRaid\RiverRaid.cpp(252,18): warning C4244: 'argumento': conversão de 'int' para 'GLfloat', possível perda de dados
C:\Users\Rebecca\source\repos\RiverRaid\RiverRaid\RiverRaid.cpp(253,18): warning C4244: 'argumento': conversão de 'int' para 'GLfloat', possível perda de dados
C:\Users\Rebecca\source\repos\RiverRaid\RiverRaid\RiverRaid.cpp(259,18): warning C4244: 'argumento': conversão de 'int' para 'GLfloat', possível perda de dados
C:\Users\Rebecca\source\repos\RiverRaid\RiverRaid\RiverRaid.cpp(260,18): warning C4244: 'argumento': conversão de 'int' para 'GLfloat', possível perda de dados
C:\Users\Rebecca\source\repos\RiverRaid\RiverRaid\RiverRaid.cpp(261,18): warning C4244: 'argumento': conversão de 'int' para 'GLfloat', possível perda de dados
C:\Users\Rebecca\source\repos\RiverRaid\RiverRaid\RiverRaid.cpp(262,18): warning C4244: 'argumento': conversão de 'int' para 'GLfloat', possível perda de dados
C:\Users\Rebecca\source\repos\RiverRaid\RiverRaid\RiverRaid.cpp(268,18): warning C4244: 'argumento': conversão de 'int' para 'GLfloat', possível perda de dados
C:\Users\Rebecca\source\repos\RiverRaid\RiverRaid\RiverRaid.cpp(269,18): warning C4244: 'argumento': conversão de 'int' para 'GLfloat', possível perda de dados
C:\Users\Rebecca\source\repos\RiverRaid\RiverRaid\RiverRaid.cpp(270,18): warning C4244: 'argumento': conversão de 'int' para 'GLfloat', possível perda de dados
C:\Users\Rebecca\source\repos\RiverRaid\RiverRaid\RiverRaid.cpp(271,18): warning C4244: 'argumento': conversão de 'int' para 'GLfloat', possível perda de dados
C:\Users\Rebecca\source\repos\RiverRaid\RiverRaid\RiverRaid.cpp(278,18): warning C4244: 'argumento': conversão de 'int' para 'GLfloat', possível perda de dados
C:\Users\Rebecca\source\repos\RiverRaid\RiverRaid\RiverRaid.cpp(279,18): warning C4244: 'argumento': conversão de 'int' para 'GLfloat', possível perda de dados
C:\Users\Rebecca\source\repos\RiverRaid\RiverRaid\RiverRaid.cpp(280,18): warning C4244: 'argumento': conversão de 'int' para 'GLfloat', possível perda de dados
C:\Users\Rebecca\source\repos\RiverRaid\RiverRaid\RiverRaid.cpp(281,18): warning C4244: 'argumento': conversão de 'int' para 'GLfloat', possível perda de dados
C:\Users\Rebecca\source\repos\RiverRaid\RiverRaid\RiverRaid.cpp(287,18): warning C4244: 'argumento': conversão de 'int' para 'GLfloat', possível perda de dados
C:\Users\Rebecca\source\repos\RiverRaid\RiverRaid\RiverRaid.cpp(288,18): warning C4244: 'argumento': conversão de 'int' para 'GLfloat', possível perda de dados
C:\Users\Rebecca\source\repos\RiverRaid\RiverRaid\RiverRaid.cpp(289,18): warning C4244: 'argumento': conversão de 'int' para 'GLfloat', possível perda de dados
C:\Users\Rebecca\source\repos\RiverRaid\RiverRaid\RiverRaid.cpp(290,18): warning C4244: 'argumento': conversão de 'int' para 'GLfloat', possível perda de dados
C:\Users\Rebecca\source\repos\RiverRaid\RiverRaid\RiverRaid.cpp(296,18): warning C4244: 'argumento': conversão de 'int' para 'GLfloat', possível perda de dados
C:\Users\Rebecca\source\repos\RiverRaid\RiverRaid\RiverRaid.cpp(297,18): warning C4244: 'argumento': conversão de 'int' para 'GLfloat', possível perda de dados
C:\Users\Rebecca\source\repos\RiverRaid\RiverRaid\RiverRaid.cpp(298,18): warning C4244: 'argumento': conversão de 'int' para 'GLfloat', possível perda de dados
C:\Users\Rebecca\source\repos\RiverRaid\RiverRaid\RiverRaid.cpp(299,18): warning C4244: 'argumento': conversão de 'int' para 'GLfloat', possível perda de dados
C:\Users\Rebecca\source\repos\RiverRaid\RiverRaid\RiverRaid.cpp(305,18): warning C4244: 'argumento': conversão de 'int' para 'GLfloat', possível perda de dados
C:\Users\Rebecca\source\repos\RiverRaid\RiverRaid\RiverRaid.cpp(306,18): warning C4244: 'argumento': conversão de 'int' para 'GLfloat', possível perda de dados
C:\Users\Rebecca\source\repos\RiverRaid\RiverRaid\RiverRaid.cpp(307,18): warning C4244: 'argumento': conversão de 'int' para 'GLfloat', possível perda de dados
C:\Users\Rebecca\source\repos\RiverRaid\RiverRaid\RiverRaid.cpp(308,18): warning C4244: 'argumento': conversão de 'int' para 'GLfloat', possível perda de dados
C:\Users\Rebecca\source\repos\RiverRaid\RiverRaid\RiverRaid.cpp(315,18): warning C4244: 'argumento': conversão de 'int' para 'GLfloat', possível perda de dados
C:\Users\Rebecca\source\repos\RiverRaid\RiverRaid\RiverRaid.cpp(316,18): warning C4244: 'argumento': conversão de 'int' para 'GLfloat', possível perda de dados
C:\Users\Rebecca\source\repos\RiverRaid\RiverRaid\RiverRaid.cpp(317,18): warning C4244: 'argumento': conversão de 'int' para 'GLfloat', possível perda de dados
C:\Users\Rebecca\source\repos\RiverRaid\RiverRaid\RiverRaid.cpp(318,18): warning C4244: 'argumento': conversão de 'int' para 'GLfloat', possível perda de dados
C:\Users\Rebecca\source\repos\RiverRaid\RiverRaid\RiverRaid.cpp(324,18): warning C4244: 'argumento': conversão de 'int' para 'GLfloat', possível perda de dados
C:\Users\Rebecca\source\repos\RiverRaid\RiverRaid\RiverRaid.cpp(325,18): warning C4244: 'argumento': conversão de 'int' para 'GLfloat', possível perda de dados
C:\Users\Rebecca\source\repos\RiverRaid\RiverRaid\RiverRaid.cpp(326,18): warning C4244: 'argumento': conversão de 'int' para 'GLfloat', possível perda de dados
C:\Users\Rebecca\source\repos\RiverRaid\RiverRaid\RiverRaid.cpp(327,18): warning C4244: 'argumento': conversão de 'int' para 'GLfloat', possível perda de dados
C:\Users\Rebecca\source\repos\RiverRaid\RiverRaid\RiverRaid.cpp(332,23): warning C4244: 'argumento': conversão de 'int' para 'GLfloat', possível perda de dados
C:\Users\Rebecca\source\repos\RiverRaid\RiverRaid\RiverRaid.cpp(332,18): warning C4244: 'argumento': conversão de 'int' para 'GLfloat', possível perda de dados
C:\Users\Rebecca\source\repos\RiverRaid\RiverRaid\RiverRaid.cpp(337,19): warning C4244: 'argumento': conversão de 'int' para 'GLfloat', possível perda de dados
C:\Users\Rebecca\source\repos\RiverRaid\RiverRaid\RiverRaid.cpp(338,19): warning C4244: 'argumento': conversão de 'int' para 'GLfloat', possível perda de dados
C:\Users\Rebecca\source\repos\RiverRaid\RiverRaid\RiverRaid.cpp(339,19): warning C4244: 'argumento': conversão de 'int' para 'GLfloat', possível perda de dados
C:\Users\Rebecca\source\repos\RiverRaid\RiverRaid\RiverRaid.cpp(340,19): warning C4244: 'argumento': conversão de 'int' para 'GLfloat', possível perda de dados
C:\Users\Rebecca\source\repos\RiverRaid\RiverRaid\RiverRaid.cpp(346,19): warning C4244: 'argumento': conversão de 'int' para 'GLfloat', possível perda de dados
C:\Users\Rebecca\source\repos\RiverRaid\RiverRaid\RiverRaid.cpp(347,19): warning C4244: 'argumento': conversão de 'int' para 'GLfloat', possível perda de dados
C:\Users\Rebecca\source\repos\RiverRaid\RiverRaid\RiverRaid.cpp(348,19): warning C4244: 'argumento': conversão de 'int' para 'GLfloat', possível perda de dados
C:\Users\Rebecca\source\repos\RiverRaid\RiverRaid\RiverRaid.cpp(349,19): warning C4244: 'argumento': conversão de 'int' para 'GLfloat', possível perda de dados
C:\Users\Rebecca\source\repos\RiverRaid\RiverRaid\RiverRaid.cpp(355,19): warning C4244: 'argumento': conversão de 'int' para 'GLfloat', possível perda de dados
C:\Users\Rebecca\source\repos\RiverRaid\RiverRaid\RiverRaid.cpp(356,19): warning C4244: 'argumento': conversão de 'int' para 'GLfloat', possível perda de dados
C:\Users\Rebecca\source\repos\RiverRaid\RiverRaid\RiverRaid.cpp(357,19): warning C4244: 'argumento': conversão de 'int' para 'GLfloat', possível perda de dados
C:\Users\Rebecca\source\repos\RiverRaid\RiverRaid\RiverRaid.cpp(358,19): warning C4244: 'argumento': conversão de 'int' para 'GLfloat', possível perda de dados
C:\Users\Rebecca\source\repos\RiverRaid\RiverRaid\RiverRaid.cpp(364,19): warning C4244: 'argumento': conversão de 'int' para 'GLfloat', possível perda de dados
C:\Users\Rebecca\source\repos\RiverRaid\RiverRaid\RiverRaid.cpp(365,19): warning C4244: 'argumento': conversão de 'int' para 'GLfloat', possível perda de dados
C:\Users\Rebecca\source\repos\RiverRaid\RiverRaid\RiverRaid.cpp(366,19): warning C4244: 'argumento': conversão de 'int' para 'GLfloat', possível perda de dados
C:\Users\Rebecca\source\repos\RiverRaid\RiverRaid\RiverRaid.cpp(367,19): warning C4244: 'argumento': conversão de 'int' para 'GLfloat', possível perda de dados
C:\Users\Rebecca\source\repos\RiverRaid\RiverRaid\RiverRaid.cpp(380,25): warning C4244: 'argumento': conversão de 'int' para 'GLfloat', possível perda de dados
C:\Users\Rebecca\source\repos\RiverRaid\RiverRaid\RiverRaid.cpp(380,18): warning C4244: 'argumento': conversão de 'int' para 'GLfloat', possível perda de dados
C:\Users\Rebecca\source\repos\RiverRaid\RiverRaid\RiverRaid.cpp(381,25): warning C4244: 'argumento': conversão de 'int' para 'GLfloat', possível perda de dados
C:\Users\Rebecca\source\repos\RiverRaid\RiverRaid\RiverRaid.cpp(381,18): warning C4244: 'argumento': conversão de 'int' para 'GLfloat', possível perda de dados
C:\Users\Rebecca\source\repos\RiverRaid\RiverRaid\RiverRaid.cpp(382,25): warning C4244: 'argumento': conversão de 'int' para 'GLfloat', possível perda de dados
C:\Users\Rebecca\source\repos\RiverRaid\RiverRaid\RiverRaid.cpp(382,18): warning C4244: 'argumento': conversão de 'int' para 'GLfloat', possível perda de dados
C:\Users\Rebecca\source\repos\RiverRaid\RiverRaid\RiverRaid.cpp(383,25): warning C4244: 'argumento': conversão de 'int' para 'GLfloat', possível perda de dados
C:\Users\Rebecca\source\repos\RiverRaid\RiverRaid\RiverRaid.cpp(383,18): warning C4244: 'argumento': conversão de 'int' para 'GLfloat', possível perda de dados
C:\Users\Rebecca\source\repos\RiverRaid\RiverRaid\RiverRaid.cpp(389,25): warning C4244: 'argumento': conversão de 'int' para 'GLfloat', possível perda de dados
C:\Users\Rebecca\source\repos\RiverRaid\RiverRaid\RiverRaid.cpp(389,18): warning C4244: 'argumento': conversão de 'int' para 'GLfloat', possível perda de dados
C:\Users\Rebecca\source\repos\RiverRaid\RiverRaid\RiverRaid.cpp(390,25): warning C4244: 'argumento': conversão de 'int' para 'GLfloat', possível perda de dados
C:\Users\Rebecca\source\repos\RiverRaid\RiverRaid\RiverRaid.cpp(390,18): warning C4244: 'argumento': conversão de 'int' para 'GLfloat', possível perda de dados
C:\Users\Rebecca\source\repos\RiverRaid\RiverRaid\RiverRaid.cpp(391,25): warning C4244: 'argumento': conversão de 'int' para 'GLfloat', possível perda de dados
C:\Users\Rebecca\source\repos\RiverRaid\RiverRaid\RiverRaid.cpp(391,18): warning C4244: 'argumento': conversão de 'int' para 'GLfloat', possível perda de dados
C:\Users\Rebecca\source\repos\RiverRaid\RiverRaid\RiverRaid.cpp(392,25): warning C4244: 'argumento': conversão de 'int' para 'GLfloat', possível perda de dados
C:\Users\Rebecca\source\repos\RiverRaid\RiverRaid\RiverRaid.cpp(392,18): warning C4244: 'argumento': conversão de 'int' para 'GLfloat', possível perda de dados
C:\Users\Rebecca\source\repos\RiverRaid\RiverRaid\RiverRaid.cpp(397,25): warning C4244: 'argumento': conversão de 'int' para 'GLfloat', possível perda de dados
C:\Users\Rebecca\source\repos\RiverRaid\RiverRaid\RiverRaid.cpp(397,18): warning C4244: 'argumento': conversão de 'int' para 'GLfloat', possível perda de dados
C:\Users\Rebecca\source\repos\RiverRaid\RiverRaid\RiverRaid.cpp(398,25): warning C4244: 'argumento': conversão de 'int' para 'GLfloat', possível perda de dados
C:\Users\Rebecca\source\repos\RiverRaid\RiverRaid\RiverRaid.cpp(398,18): warning C4244: 'argumento': conversão de 'int' para 'GLfloat', possível perda de dados
C:\Users\Rebecca\source\repos\RiverRaid\RiverRaid\RiverRaid.cpp(399,25): warning C4244: 'argumento': conversão de 'int' para 'GLfloat', possível perda de dados
C:\Users\Rebecca\source\repos\RiverRaid\RiverRaid\RiverRaid.cpp(399,18): warning C4244: 'argumento': conversão de 'int' para 'GLfloat', possível perda de dados
C:\Users\Rebecca\source\repos\RiverRaid\RiverRaid\RiverRaid.cpp(400,25): warning C4244: 'argumento': conversão de 'int' para 'GLfloat', possível perda de dados
C:\Users\Rebecca\source\repos\RiverRaid\RiverRaid\RiverRaid.cpp(400,18): warning C4244: 'argumento': conversão de 'int' para 'GLfloat', possível perda de dados
C:\Users\Rebecca\source\repos\RiverRaid\RiverRaid\RiverRaid.cpp(407,25): warning C4244: 'argumento': conversão de 'int' para 'GLfloat', possível perda de dados
C:\Users\Rebecca\source\repos\RiverRaid\RiverRaid\RiverRaid.cpp(407,18): warning C4244: 'argumento': conversão de 'int' para 'GLfloat', possível perda de dados
C:\Users\Rebecca\source\repos\RiverRaid\RiverRaid\RiverRaid.cpp(408,25): warning C4244: 'argumento': conversão de 'int' para 'GLfloat', possível perda de dados
C:\Users\Rebecca\source\repos\RiverRaid\RiverRaid\RiverRaid.cpp(408,18): warning C4244: 'argumento': conversão de 'int' para 'GLfloat', possível perda de dados
C:\Users\Rebecca\source\repos\RiverRaid\RiverRaid\RiverRaid.cpp(409,25): warning C4244: 'argumento': conversão de 'int' para 'GLfloat', possível perda de dados
C:\Users\Rebecca\source\repos\RiverRaid\RiverRaid\RiverRaid.cpp(409,18): warning C4244: 'argumento': conversão de 'int' para 'GLfloat', possível perda de dados
C:\Users\Rebecca\source\repos\RiverRaid\RiverRaid\RiverRaid.cpp(410,25): warning C4244: 'argumento': conversão de 'int' para 'GLfloat', possível perda de dados
C:\Users\Rebecca\source\repos\RiverRaid\RiverRaid\RiverRaid.cpp(410,18): warning C4244: 'argumento': conversão de 'int' para 'GLfloat', possível perda de dados
C:\Users\Rebecca\source\repos\RiverRaid\RiverRaid\RiverRaid.cpp(415,25): warning C4244: 'argumento': conversão de 'int' para 'GLfloat', possível perda de dados
C:\Users\Rebecca\source\repos\RiverRaid\RiverRaid\RiverRaid.cpp(415,18): warning C4244: 'argumento': conversão de 'int' para 'GLfloat', possível perda de dados
C:\Users\Rebecca\source\repos\RiverRaid\RiverRaid\RiverRaid.cpp(416,25): warning C4244: 'argumento': conversão de 'int' para 'GLfloat', possível perda de dados
C:\Users\Rebecca\source\repos\RiverRaid\RiverRaid\RiverRaid.cpp(416,18): warning C4244: 'argumento': conversão de 'int' para 'GLfloat', possível perda de dados
C:\Users\Rebecca\source\repos\RiverRaid\RiverRaid\RiverRaid.cpp(417,25): warning C4244: 'argumento': conversão de 'int' para 'GLfloat', possível perda de dados
C:\Users\Rebecca\source\repos\RiverRaid\RiverRaid\RiverRaid.cpp(417,18): warning C4244: 'argumento': conversão de 'int' para 'GLfloat', possível perda de dados
C:\Users\Rebecca\source\repos\RiverRaid\RiverRaid\RiverRaid.cpp(418,25): warning C4244: 'argumento': conversão de 'int' para 'GLfloat', possível perda de dados
C:\Users\Rebecca\source\repos\RiverRaid\RiverRaid\RiverRaid.cpp(418,18): warning C4244: 'argumento': conversão de 'int' para 'GLfloat', possível perda de dados
C:\Users\Rebecca\source\repos\RiverRaid\RiverRaid\RiverRaid.cpp(435,22): warning C4244: 'argumento': conversão de 'int' para 'GLfloat', possível perda de dados
C:\Users\Rebecca\source\repos\RiverRaid\RiverRaid\RiverRaid.cpp(436,22): warning C4244: 'argumento': conversão de 'int' para 'GLfloat', possível perda de dados
C:\Users\Rebecca\source\repos\RiverRaid\RiverRaid\RiverRaid.cpp(437,22): warning C4244: 'argumento': conversão de 'int' para 'GLfloat', possível perda de dados
C:\Users\Rebecca\source\repos\RiverRaid\RiverRaid\RiverRaid.cpp(438,22): warning C4244: 'argumento': conversão de 'int' para 'GLfloat', possível perda de dados
C:\Users\Rebecca\source\repos\RiverRaid\RiverRaid\RiverRaid.cpp(445,23): warning C4244: 'argumento': conversão de 'int' para 'GLfloat', possível perda de dados
C:\Users\Rebecca\source\repos\RiverRaid\RiverRaid\RiverRaid.cpp(445,18): warning C4244: 'argumento': conversão de 'int' para 'GLfloat', possível perda de dados
C:\Users\Rebecca\source\repos\RiverRaid\RiverRaid\RiverRaid.cpp(508,27): warning C4244: 'argumento': conversão de 'int' para 'GLfloat', possível perda de dados
C:\Users\Rebecca\source\repos\RiverRaid\RiverRaid\RiverRaid.cpp(508,22): warning C4244: 'argumento': conversão de 'int' para 'GLfloat', possível perda de dados
C:\Users\Rebecca\source\repos\RiverRaid\RiverRaid\RiverRaid.cpp(511,22): warning C4244: 'argumento': conversão de 'int' para 'GLfloat', possível perda de dados
C:\Users\Rebecca\source\repos\RiverRaid\RiverRaid\RiverRaid.cpp(512,22): warning C4244: 'argumento': conversão de 'int' para 'GLfloat', possível perda de dados
C:\Users\Rebecca\source\repos\RiverRaid\RiverRaid\RiverRaid.cpp(513,22): warning C4244: 'argumento': conversão de 'int' para 'GLfloat', possível perda de dados
C:\Users\Rebecca\source\repos\RiverRaid\RiverRaid\RiverRaid.cpp(514,22): warning C4244: 'argumento': conversão de 'int' para 'GLfloat', possível perda de dados
C:\Users\Rebecca\source\repos\RiverRaid\RiverRaid\RiverRaid.cpp(519,22): warning C4244: 'argumento': conversão de 'int' para 'GLfloat', possível perda de dados
C:\Users\Rebecca\source\repos\RiverRaid\RiverRaid\RiverRaid.cpp(520,22): warning C4244: 'argumento': conversão de 'int' para 'GLfloat', possível perda de dados
C:\Users\Rebecca\source\repos\RiverRaid\RiverRaid\RiverRaid.cpp(521,22): warning C4244: 'argumento': conversão de 'int' para 'GLfloat', possível perda de dados
C:\Users\Rebecca\source\repos\RiverRaid\RiverRaid\RiverRaid.cpp(522,22): warning C4244: 'argumento': conversão de 'int' para 'GLfloat', possível perda de dados
C:\Users\Rebecca\source\repos\RiverRaid\RiverRaid\RiverRaid.cpp(527,22): warning C4244: 'argumento': conversão de 'int' para 'GLfloat', possível perda de dados
C:\Users\Rebecca\source\repos\RiverRaid\RiverRaid\RiverRaid.cpp(528,22): warning C4244: 'argumento': conversão de 'int' para 'GLfloat', possível perda de dados
C:\Users\Rebecca\source\repos\RiverRaid\RiverRaid\RiverRaid.cpp(529,22): warning C4244: 'argumento': conversão de 'int' para 'GLfloat', possível perda de dados
C:\Users\Rebecca\source\repos\RiverRaid\RiverRaid\RiverRaid.cpp(530,22): warning C4244: 'argumento': conversão de 'int' para 'GLfloat', possível perda de dados
C:\Users\Rebecca\source\repos\RiverRaid\RiverRaid\RiverRaid.cpp(535,22): warning C4244: 'argumento': conversão de 'int' para 'GLfloat', possível perda de dados
C:\Users\Rebecca\source\repos\RiverRaid\RiverRaid\RiverRaid.cpp(536,22): warning C4244: 'argumento': conversão de 'int' para 'GLfloat', possível perda de dados
C:\Users\Rebecca\source\repos\RiverRaid\RiverRaid\RiverRaid.cpp(537,22): warning C4244: 'argumento': conversão de 'int' para 'GLfloat', possível perda de dados
C:\Users\Rebecca\source\repos\RiverRaid\RiverRaid\RiverRaid.cpp(538,22): warning C4244: 'argumento': conversão de 'int' para 'GLfloat', possível perda de dados
C:\Users\Rebecca\source\repos\RiverRaid\RiverRaid\RiverRaid.cpp(543,22): warning C4244: 'argumento': conversão de 'int' para 'GLfloat', possível perda de dados
C:\Users\Rebecca\source\repos\RiverRaid\RiverRaid\RiverRaid.cpp(544,22): warning C4244: 'argumento': conversão de 'int' para 'GLfloat', possível perda de dados
C:\Users\Rebecca\source\repos\RiverRaid\RiverRaid\RiverRaid.cpp(545,22): warning C4244: 'argumento': conversão de 'int' para 'GLfloat', possível perda de dados
C:\Users\Rebecca\source\repos\RiverRaid\RiverRaid\RiverRaid.cpp(546,22): warning C4244: 'argumento': conversão de 'int' para 'GLfloat', possível perda de dados
C:\Users\Rebecca\source\repos\RiverRaid\RiverRaid\RiverRaid.cpp(551,22): warning C4244: 'argumento': conversão de 'int' para 'GLfloat', possível perda de dados
C:\Users\Rebecca\source\repos\RiverRaid\RiverRaid\RiverRaid.cpp(552,22): warning C4244: 'argumento': conversão de 'int' para 'GLfloat', possível perda de dados
C:\Users\Rebecca\source\repos\RiverRaid\RiverRaid\RiverRaid.cpp(553,22): warning C4244: 'argumento': conversão de 'int' para 'GLfloat', possível perda de dados
C:\Users\Rebecca\source\repos\RiverRaid\RiverRaid\RiverRaid.cpp(554,22): warning C4244: 'argumento': conversão de 'int' para 'GLfloat', possível perda de dados
C:\Users\Rebecca\source\repos\RiverRaid\RiverRaid\RiverRaid.cpp(559,22): warning C4244: 'argumento': conversão de 'int' para 'GLfloat', possível perda de dados
C:\Users\Rebecca\source\repos\RiverRaid\RiverRaid\RiverRaid.cpp(560,22): warning C4244: 'argumento': conversão de 'int' para 'GLfloat', possível perda de dados
C:\Users\Rebecca\source\repos\RiverRaid\RiverRaid\RiverRaid.cpp(561,22): warning C4244: 'argumento': conversão de 'int' para 'GLfloat', possível perda de dados
C:\Users\Rebecca\source\repos\RiverRaid\RiverRaid\RiverRaid.cpp(562,22): warning C4244: 'argumento': conversão de 'int' para 'GLfloat', possível perda de dados
C:\Users\Rebecca\source\repos\RiverRaid\RiverRaid\RiverRaid.cpp(569,23): warning C4244: 'argumento': conversão de 'int' para 'GLfloat', possível perda de dados
C:\Users\Rebecca\source\repos\RiverRaid\RiverRaid\RiverRaid.cpp(569,18): warning C4244: 'argumento': conversão de 'int' para 'GLfloat', possível perda de dados
C:\Users\Rebecca\source\repos\RiverRaid\RiverRaid\RiverRaid.cpp(573,18): warning C4244: 'argumento': conversão de 'int' para 'GLfloat', possível perda de dados
C:\Users\Rebecca\source\repos\RiverRaid\RiverRaid\RiverRaid.cpp(574,18): warning C4244: 'argumento': conversão de 'int' para 'GLfloat', possível perda de dados
C:\Users\Rebecca\source\repos\RiverRaid\RiverRaid\RiverRaid.cpp(575,18): warning C4244: 'argumento': conversão de 'int' para 'GLfloat', possível perda de dados
C:\Users\Rebecca\source\repos\RiverRaid\RiverRaid\RiverRaid.cpp(576,18): warning C4244: 'argumento': conversão de 'int' para 'GLfloat', possível perda de dados
C:\Users\Rebecca\source\repos\RiverRaid\RiverRaid\RiverRaid.cpp(581,18): warning C4244: 'argumento': conversão de 'int' para 'GLfloat', possível perda de dados
C:\Users\Rebecca\source\repos\RiverRaid\RiverRaid\RiverRaid.cpp(582,18): warning C4244: 'argumento': conversão de 'int' para 'GLfloat', possível perda de dados
C:\Users\Rebecca\source\repos\RiverRaid\RiverRaid\RiverRaid.cpp(583,18): warning C4244: 'argumento': conversão de 'int' para 'GLfloat', possível perda de dados
C:\Users\Rebecca\source\repos\RiverRaid\RiverRaid\RiverRaid.cpp(584,18): warning C4244: 'argumento': conversão de 'int' para 'GLfloat', possível perda de dados
C:\Users\Rebecca\source\repos\RiverRaid\RiverRaid\RiverRaid.cpp(589,18): warning C4244: 'argumento': conversão de 'int' para 'GLfloat', possível perda de dados
C:\Users\Rebecca\source\repos\RiverRaid\RiverRaid\RiverRaid.cpp(590,18): warning C4244: 'argumento': conversão de 'int' para 'GLfloat', possível perda de dados
C:\Users\Rebecca\source\repos\RiverRaid\RiverRaid\RiverRaid.cpp(591,18): warning C4244: 'argumento': conversão de 'int' para 'GLfloat', possível perda de dados
C:\Users\Rebecca\source\repos\RiverRaid\RiverRaid\RiverRaid.cpp(592,18): warning C4244: 'argumento': conversão de 'int' para 'GLfloat', possível perda de dados
C:\Users\Rebecca\source\repos\RiverRaid\RiverRaid\RiverRaid.cpp(597,18): warning C4244: 'argumento': conversão de 'int' para 'GLfloat', possível perda de dados
C:\Users\Rebecca\source\repos\RiverRaid\RiverRaid\RiverRaid.cpp(598,18): warning C4244: 'argumento': conversão de 'int' para 'GLfloat', possível perda de dados
C:\Users\Rebecca\source\repos\RiverRaid\RiverRaid\RiverRaid.cpp(599,18): warning C4244: 'argumento': conversão de 'int' para 'GLfloat', possível perda de dados
C:\Users\Rebecca\source\repos\RiverRaid\RiverRaid\RiverRaid.cpp(600,18): warning C4244: 'argumento': conversão de 'int' para 'GLfloat', possível perda de dados
C:\Users\Rebecca\source\repos\RiverRaid\RiverRaid\RiverRaid.cpp(605,18): warning C4244: 'argumento': conversão de 'int' para 'GLfloat', possível perda de dados
C:\Users\Rebecca\source\repos\RiverRaid\RiverRaid\RiverRaid.cpp(606,18): warning C4244: 'argumento': conversão de 'int' para 'GLfloat', possível perda de dados
C:\Users\Rebecca\source\repos\RiverRaid\RiverRaid\RiverRaid.cpp(607,18): warning C4244: 'argumento': conversão de 'int' para 'GLfloat', possível perda de dados
C:\Users\Rebecca\source\repos\RiverRaid\RiverRaid\RiverRaid.cpp(608,18): warning C4244: 'argumento': conversão de 'int' para 'GLfloat', possível perda de dados
C:\Users\Rebecca\source\repos\RiverRaid\RiverRaid\RiverRaid.cpp(613,18): warning C4244: 'argumento': conversão de 'int' para 'GLfloat', possível perda de dados
C:\Users\Rebecca\source\repos\RiverRaid\RiverRaid\RiverRaid.cpp(614,18): warning C4244: 'argumento': conversão de 'int' para 'GLfloat', possível perda de dados
C:\Users\Rebecca\source\repos\RiverRaid\RiverRaid\RiverRaid.cpp(615,18): warning C4244: 'argumento': conversão de 'int' para 'GLfloat', possível perda de dados
C:\Users\Rebecca\source\repos\RiverRaid\RiverRaid\RiverRaid.cpp(616,18): warning C4244: 'argumento': conversão de 'int' para 'GLfloat', possível perda de dados
C:\Users\Rebecca\source\repos\RiverRaid\RiverRaid\RiverRaid.cpp(621,23): warning C4244: 'argumento': conversão de 'int' para 'GLfloat', possível perda de dados
C:\Users\Rebecca\source\repos\RiverRaid\RiverRaid\RiverRaid.cpp(621,18): warning C4244: 'argumento': conversão de 'int' para 'GLfloat', possível perda de dados
C:\Users\Rebecca\source\repos\RiverRaid\RiverRaid\RiverRaid.cpp(682,23): warning C4244: 'argumento': conversão de 'int' para 'GLfloat', possível perda de dados
C:\Users\Rebecca\source\repos\RiverRaid\RiverRaid\RiverRaid.cpp(682,18): warning C4244: 'argumento': conversão de 'int' para 'GLfloat', possível perda de dados
C:\Users\Rebecca\source\repos\RiverRaid\RiverRaid\RiverRaid.cpp(718,23): warning C4244: 'argumento': conversão de 'int' para 'GLfloat', possível perda de dados
C:\Users\Rebecca\source\repos\RiverRaid\RiverRaid\RiverRaid.cpp(718,18): warning C4244: 'argumento': conversão de 'int' para 'GLfloat', possível perda de dados
C:\Users\Rebecca\source\repos\RiverRaid\RiverRaid\RiverRaid.cpp(786,23): warning C4244: 'argumento': conversão de 'int' para 'GLfloat', possível perda de dados
C:\Users\Rebecca\source\repos\RiverRaid\RiverRaid\RiverRaid.cpp(786,18): warning C4244: 'argumento': conversão de 'int' para 'GLfloat', possível perda de dados
C:\Users\Rebecca\source\repos\RiverRaid\RiverRaid\RiverRaid.cpp(838,23): warning C4244: 'argumento': conversão de 'int' para 'GLfloat', possível perda de dados
C:\Users\Rebecca\source\repos\RiverRaid\RiverRaid\RiverRaid.cpp(838,18): warning C4244: 'argumento': conversão de 'int' para 'GLfloat', possível perda de dados
C:\Users\Rebecca\source\repos\RiverRaid\RiverRaid\RiverRaid.cpp(906,25): warning C4305: 'argumento': truncamento de 'double' para 'GLfloat'
C:\Users\Rebecca\source\repos\RiverRaid\RiverRaid\RiverRaid.cpp(915,27): warning C4244: 'argumento': conversão de 'GLint' para 'GLfloat', possível perda de dados
C:\Users\Rebecca\source\repos\RiverRaid\RiverRaid\RiverRaid.cpp(925,23): warning C4244: 'argumento': conversão de 'int' para 'GLfloat', possível perda de dados
C:\Users\Rebecca\source\repos\RiverRaid\RiverRaid\RiverRaid.cpp(925,18): warning C4244: 'argumento': conversão de 'int' para 'GLfloat', possível perda de dados
C:\Users\Rebecca\source\repos\RiverRaid\RiverRaid\RiverRaid.cpp(929,19): warning C4244: 'argumento': conversão de 'int' para 'GLfloat', possível perda de dados
C:\Users\Rebecca\source\repos\RiverRaid\RiverRaid\RiverRaid.cpp(930,19): warning C4244: 'argumento': conversão de 'int' para 'GLfloat', possível perda de dados
C:\Users\Rebecca\source\repos\RiverRaid\RiverRaid\RiverRaid.cpp(931,19): warning C4244: 'argumento': conversão de 'int' para 'GLfloat', possível perda de dados
C:\Users\Rebecca\source\repos\RiverRaid\RiverRaid\RiverRaid.cpp(932,19): warning C4244: 'argumento': conversão de 'int' para 'GLfloat', possível perda de dados
C:\Users\Rebecca\source\repos\RiverRaid\RiverRaid\RiverRaid.cpp(937,19): warning C4244: 'argumento': conversão de 'int' para 'GLfloat', possível perda de dados
C:\Users\Rebecca\source\repos\RiverRaid\RiverRaid\RiverRaid.cpp(938,19): warning C4244: 'argumento': conversão de 'int' para 'GLfloat', possível perda de dados
C:\Users\Rebecca\source\repos\RiverRaid\RiverRaid\RiverRaid.cpp(939,19): warning C4244: 'argumento': conversão de 'int' para 'GLfloat', possível perda de dados
C:\Users\Rebecca\source\repos\RiverRaid\RiverRaid\RiverRaid.cpp(940,19): warning C4244: 'argumento': conversão de 'int' para 'GLfloat', possível perda de dados
C:\Users\Rebecca\source\repos\RiverRaid\RiverRaid\RiverRaid.cpp(945,19): warning C4244: 'argumento': conversão de 'int' para 'GLfloat', possível perda de dados
C:\Users\Rebecca\source\repos\RiverRaid\RiverRaid\RiverRaid.cpp(946,19): warning C4244: 'argumento': conversão de 'int' para 'GLfloat', possível perda de dados
C:\Users\Rebecca\source\repos\RiverRaid\RiverRaid\RiverRaid.cpp(947,19): warning C4244: 'argumento': conversão de 'int' para 'GLfloat', possível perda de dados
C:\Users\Rebecca\source\repos\RiverRaid\RiverRaid\RiverRaid.cpp(948,18): warning C4244: 'argumento': conversão de 'int' para 'GLfloat', possível perda de dados
C:\Users\Rebecca\source\repos\RiverRaid\RiverRaid\RiverRaid.cpp(953,19): warning C4244: 'argumento': conversão de 'int' para 'GLfloat', possível perda de dados
C:\Users\Rebecca\source\repos\RiverRaid\RiverRaid\RiverRaid.cpp(954,19): warning C4244: 'argumento': conversão de 'int' para 'GLfloat', possível perda de dados
C:\Users\Rebecca\source\repos\RiverRaid\RiverRaid\RiverRaid.cpp(955,19): warning C4244: 'argumento': conversão de 'int' para 'GLfloat', possível perda de dados
C:\Users\Rebecca\source\repos\RiverRaid\RiverRaid\RiverRaid.cpp(956,19): warning C4244: 'argumento': conversão de 'int' para 'GLfloat', possível perda de dados
C:\Users\Rebecca\source\repos\RiverRaid\RiverRaid\RiverRaid.cpp(961,19): warning C4244: 'argumento': conversão de 'int' para 'GLfloat', possível perda de dados
C:\Users\Rebecca\source\repos\RiverRaid\RiverRaid\RiverRaid.cpp(962,19): warning C4244: 'argumento': conversão de 'int' para 'GLfloat', possível perda de dados
C:\Users\Rebecca\source\repos\RiverRaid\RiverRaid\RiverRaid.cpp(963,19): warning C4244: 'argumento': conversão de 'int' para 'GLfloat', possível perda de dados
C:\Users\Rebecca\source\repos\RiverRaid\RiverRaid\RiverRaid.cpp(964,19): warning C4244: 'argumento': conversão de 'int' para 'GLfloat', possível perda de dados
C:\Users\Rebecca\source\repos\RiverRaid\RiverRaid\RiverRaid.cpp(969,19): warning C4244: 'argumento': conversão de 'int' para 'GLfloat', possível perda de dados
C:\Users\Rebecca\source\repos\RiverRaid\RiverRaid\RiverRaid.cpp(970,19): warning C4244: 'argumento': conversão de 'int' para 'GLfloat', possível perda de dados
C:\Users\Rebecca\source\repos\RiverRaid\RiverRaid\RiverRaid.cpp(971,19): warning C4244: 'argumento': conversão de 'int' para 'GLfloat', possível perda de dados
C:\Users\Rebecca\source\repos\RiverRaid\RiverRaid\RiverRaid.cpp(972,19): warning C4244: 'argumento': conversão de 'int' para 'GLfloat', possível perda de dados
C:\Users\Rebecca\source\repos\RiverRaid\RiverRaid\RiverRaid.cpp(977,19): warning C4244: 'argumento': conversão de 'int' para 'GLfloat', possível perda de dados
C:\Users\Rebecca\source\repos\RiverRaid\RiverRaid\RiverRaid.cpp(978,19): warning C4244: 'argumento': conversão de 'int' para 'GLfloat', possível perda de dados
C:\Users\Rebecca\source\repos\RiverRaid\RiverRaid\RiverRaid.cpp(979,19): warning C4244: 'argumento': conversão de 'int' para 'GLfloat', possível perda de dados
C:\Users\Rebecca\source\repos\RiverRaid\RiverRaid\RiverRaid.cpp(980,19): warning C4244: 'argumento': conversão de 'int' para 'GLfloat', possível perda de dados
C:\Users\Rebecca\source\repos\RiverRaid\RiverRaid\RiverRaid.cpp(1197,20): warning C4244: 'inicializando': conversão de 'float' para 'int', possível perda de dados
C:\Users\Rebecca\source\repos\RiverRaid\RiverRaid\RiverRaid.cpp(1198,20): warning C4244: 'inicializando': conversão de 'float' para 'int', possível perda de dados
C:\Users\Rebecca\source\repos\RiverRaid\RiverRaid\RiverRaid.cpp(1199,21): warning C4244: 'inicializando': conversão de 'float' para 'int', possível perda de dados
C:\Users\Rebecca\source\repos\RiverRaid\RiverRaid\RiverRaid.cpp(1200,21): warning C4244: 'inicializando': conversão de 'float' para 'int', possível perda de dados
C:\Users\Rebecca\source\repos\RiverRaid\RiverRaid\RiverRaid.cpp(1215,23): warning C4244: 'inicializando': conversão de 'float' para 'int', possível perda de dados
C:\Users\Rebecca\source\repos\RiverRaid\RiverRaid\RiverRaid.cpp(1216,23): warning C4244: 'inicializando': conversão de 'float' para 'int', possível perda de dados
C:\Users\Rebecca\source\repos\RiverRaid\RiverRaid\RiverRaid.cpp(1217,23): warning C4244: 'inicializando': conversão de 'float' para 'int', possível perda de dados
C:\Users\Rebecca\source\repos\RiverRaid\RiverRaid\RiverRaid.cpp(1218,23): warning C4244: 'inicializando': conversão de 'float' para 'int', possível perda de dados
C:\Users\Rebecca\source\repos\RiverRaid\RiverRaid\RiverRaid.cpp(1233,20): warning C4244: 'inicializando': conversão de 'float' para 'int', possível perda de dados
C:\Users\Rebecca\source\repos\RiverRaid\RiverRaid\RiverRaid.cpp(1234,20): warning C4244: 'inicializando': conversão de 'float' para 'int', possível perda de dados
C:\Users\Rebecca\source\repos\RiverRaid\RiverRaid\RiverRaid.cpp(1235,21): warning C4244: 'inicializando': conversão de 'float' para 'int', possível perda de dados
C:\Users\Rebecca\source\repos\RiverRaid\RiverRaid\RiverRaid.cpp(1236,21): warning C4244: 'inicializando': conversão de 'float' para 'int', possível perda de dados
C:\Users\Rebecca\source\repos\RiverRaid\RiverRaid\RiverRaid.cpp(1278,93): warning C4804: '<=': uso não seguro de tipo 'bool' em operação
C:\Users\Rebecca\source\repos\RiverRaid\RiverRaid\RiverRaid.cpp(1288,25): warning C4305: '+=': truncamento de 'double' para 'float'
C:\Users\Rebecca\source\repos\RiverRaid\RiverRaid\RiverRaid.cpp(1295,23): warning C4244: 'inicializando': conversão de 'float' para 'int', possível perda de dados
C:\Users\Rebecca\source\repos\RiverRaid\RiverRaid\RiverRaid.cpp(1296,23): warning C4244: 'inicializando': conversão de 'float' para 'int', possível perda de dados
C:\Users\Rebecca\source\repos\RiverRaid\RiverRaid\RiverRaid.cpp(1300,22): warning C4244: 'inicializando': conversão de 'float' para 'int', possível perda de dados
C:\Users\Rebecca\source\repos\RiverRaid\RiverRaid\RiverRaid.cpp(1301,22): warning C4244: 'inicializando': conversão de 'float' para 'int', possível perda de dados
C:\Users\Rebecca\source\repos\RiverRaid\RiverRaid\RiverRaid.cpp(1305,22): warning C4244: 'inicializando': conversão de 'float' para 'int', possível perda de dados
C:\Users\Rebecca\source\repos\RiverRaid\RiverRaid\RiverRaid.cpp(1306,22): warning C4244: 'inicializando': conversão de 'float' para 'int', possível perda de dados
C:\Users\Rebecca\source\repos\RiverRaid\RiverRaid\RiverRaid.cpp(1320,25): warning C4244: 'inicializando': conversão de 'float' para 'int', possível perda de dados
C:\Users\Rebecca\source\repos\RiverRaid\RiverRaid\RiverRaid.cpp(1321,25): warning C4244: 'inicializando': conversão de 'float' para 'int', possível perda de dados
C:\Users\Rebecca\source\repos\RiverRaid\RiverRaid\RiverRaid.cpp(1325,25): warning C4244: 'inicializando': conversão de 'float' para 'int', possível perda de dados
C:\Users\Rebecca\source\repos\RiverRaid\RiverRaid\RiverRaid.cpp(1326,25): warning C4244: 'inicializando': conversão de 'float' para 'int', possível perda de dados
C:\Users\Rebecca\source\repos\RiverRaid\RiverRaid\RiverRaid.cpp(1330,26): warning C4244: 'inicializando': conversão de 'float' para 'int', possível perda de dados
C:\Users\Rebecca\source\repos\RiverRaid\RiverRaid\RiverRaid.cpp(1331,26): warning C4244: 'inicializando': conversão de 'float' para 'int', possível perda de dados
C:\Users\Rebecca\source\repos\RiverRaid\RiverRaid\RiverRaid.cpp(1335,26): warning C4244: 'inicializando': conversão de 'float' para 'int', possível perda de dados
C:\Users\Rebecca\source\repos\RiverRaid\RiverRaid\RiverRaid.cpp(1336,26): warning C4244: 'inicializando': conversão de 'float' para 'int', possível perda de dados
C:\Users\Rebecca\source\repos\RiverRaid\RiverRaid\RiverRaid.cpp(1340,26): warning C4244: 'inicializando': conversão de 'float' para 'int', possível perda de dados
C:\Users\Rebecca\source\repos\RiverRaid\RiverRaid\RiverRaid.cpp(1341,26): warning C4244: 'inicializando': conversão de 'float' para 'int', possível perda de dados
C:\Users\Rebecca\source\repos\RiverRaid\RiverRaid\RiverRaid.cpp(1346,26): warning C4244: 'inicializando': conversão de 'float' para 'int', possível perda de dados
C:\Users\Rebecca\source\repos\RiverRaid\RiverRaid\RiverRaid.cpp(1347,26): warning C4244: 'inicializando': conversão de 'float' para 'int', possível perda de dados
C:\Users\Rebecca\source\repos\RiverRaid\RiverRaid\RiverRaid.cpp(1351,26): warning C4244: 'inicializando': conversão de 'float' para 'int', possível perda de dados
C:\Users\Rebecca\source\repos\RiverRaid\RiverRaid\RiverRaid.cpp(1352,26): warning C4244: 'inicializando': conversão de 'float' para 'int', possível perda de dados
C:\Users\Rebecca\source\repos\RiverRaid\RiverRaid\RiverRaid.cpp(1356,21): warning C4244: 'inicializando': conversão de 'float' para 'int', possível perda de dados
C:\Users\Rebecca\source\repos\RiverRaid\RiverRaid\RiverRaid.cpp(1357,21): warning C4244: 'inicializando': conversão de 'float' para 'int', possível perda de dados
C:\Users\Rebecca\source\repos\RiverRaid\RiverRaid\RiverRaid.cpp(1361,21): warning C4244: 'inicializando': conversão de 'float' para 'int', possível perda de dados
C:\Users\Rebecca\source\repos\RiverRaid\RiverRaid\RiverRaid.cpp(1362,21): warning C4244: 'inicializando': conversão de 'float' para 'int', possível perda de dados
C:\Users\Rebecca\source\repos\RiverRaid\RiverRaid\RiverRaid.cpp(1367,22): warning C4244: 'inicializando': conversão de 'float' para 'int', possível perda de dados
C:\Users\Rebecca\source\repos\RiverRaid\RiverRaid\RiverRaid.cpp(1368,22): warning C4244: 'inicializando': conversão de 'float' para 'int', possível perda de dados
C:\Users\Rebecca\source\repos\RiverRaid\RiverRaid\RiverRaid.cpp(1372,23): warning C4244: 'inicializando': conversão de 'float' para 'int', possível perda de dados
C:\Users\Rebecca\source\repos\RiverRaid\RiverRaid\RiverRaid.cpp(1373,23): warning C4244: 'inicializando': conversão de 'float' para 'int', possível perda de dados
C:\Users\Rebecca\source\repos\RiverRaid\RiverRaid\RiverRaid.cpp(1377,23): warning C4244: 'inicializando': conversão de 'float' para 'int', possível perda de dados
C:\Users\Rebecca\source\repos\RiverRaid\RiverRaid\RiverRaid.cpp(1378,23): warning C4244: 'inicializando': conversão de 'float' para 'int', possível perda de dados
C:\Users\Rebecca\source\repos\RiverRaid\RiverRaid\RiverRaid.cpp(1382,26): warning C4244: 'inicializando': conversão de 'float' para 'int', possível perda de dados
C:\Users\Rebecca\source\repos\RiverRaid\RiverRaid\RiverRaid.cpp(1383,26): warning C4244: 'inicializando': conversão de 'float' para 'int', possível perda de dados
C:\Users\Rebecca\source\repos\RiverRaid\RiverRaid\RiverRaid.cpp(1387,27): warning C4244: 'inicializando': conversão de 'float' para 'int', possível perda de dados
C:\Users\Rebecca\source\repos\RiverRaid\RiverRaid\RiverRaid.cpp(1388,27): warning C4244: 'inicializando': conversão de 'float' para 'int', possível perda de dados
C:\Users\Rebecca\source\repos\RiverRaid\RiverRaid\RiverRaid.cpp(1392,21): warning C4244: 'inicializando': conversão de 'float' para 'int', possível perda de dados
C:\Users\Rebecca\source\repos\RiverRaid\RiverRaid\RiverRaid.cpp(1393,21): warning C4244: 'inicializando': conversão de 'float' para 'int', possível perda de dados
C:\Users\Rebecca\source\repos\RiverRaid\RiverRaid\RiverRaid.cpp(1394,21): warning C4244: 'inicializando': conversão de 'float' para 'int', possível perda de dados
C:\Users\Rebecca\source\repos\RiverRaid\RiverRaid\RiverRaid.cpp(1395,21): warning C4244: 'inicializando': conversão de 'float' para 'int', possível perda de dados
C:\Users\Rebecca\source\repos\RiverRaid\RiverRaid\RiverRaid.cpp(1397,22): warning C4244: 'inicializando': conversão de 'float' para 'int', possível perda de dados
C:\Users\Rebecca\source\repos\RiverRaid\RiverRaid\RiverRaid.cpp(1398,22): warning C4244: 'inicializando': conversão de 'float' para 'int', possível perda de dados
C:\Users\Rebecca\source\repos\RiverRaid\RiverRaid\RiverRaid.cpp(1399,22): warning C4244: 'inicializando': conversão de 'float' para 'int', possível perda de dados
C:\Users\Rebecca\source\repos\RiverRaid\RiverRaid\RiverRaid.cpp(1400,22): warning C4244: 'inicializando': conversão de 'float' para 'int', possível perda de dados
C:\Users\Rebecca\source\repos\RiverRaid\RiverRaid\RiverRaid.cpp(1402,22): warning C4244: 'inicializando': conversão de 'float' para 'int', possível perda de dados
C:\Users\Rebecca\source\repos\RiverRaid\RiverRaid\RiverRaid.cpp(1403,22): warning C4244: 'inicializando': conversão de 'float' para 'int', possível perda de dados
C:\Users\Rebecca\source\repos\RiverRaid\RiverRaid\RiverRaid.cpp(1404,22): warning C4244: 'inicializando': conversão de 'float' para 'int', possível perda de dados
C:\Users\Rebecca\source\repos\RiverRaid\RiverRaid\RiverRaid.cpp(1405,22): warning C4244: 'inicializando': conversão de 'float' para 'int', possível perda de dados
C:\Users\Rebecca\source\repos\RiverRaid\RiverRaid\RiverRaid.cpp(1407,23): warning C4244: 'inicializando': conversão de 'float' para 'int', possível perda de dados
C:\Users\Rebecca\source\repos\RiverRaid\RiverRaid\RiverRaid.cpp(1408,23): warning C4244: 'inicializando': conversão de 'float' para 'int', possível perda de dados
C:\Users\Rebecca\source\repos\RiverRaid\RiverRaid\RiverRaid.cpp(1409,23): warning C4244: 'inicializando': conversão de 'float' para 'int', possível perda de dados
C:\Users\Rebecca\source\repos\RiverRaid\RiverRaid\RiverRaid.cpp(1410,23): warning C4244: 'inicializando': conversão de 'float' para 'int', possível perda de dados
C:\Users\Rebecca\source\repos\RiverRaid\RiverRaid\RiverRaid.cpp(1412,23): warning C4244: 'inicializando': conversão de 'float' para 'int', possível perda de dados
C:\Users\Rebecca\source\repos\RiverRaid\RiverRaid\RiverRaid.cpp(1413,23): warning C4244: 'inicializando': conversão de 'float' para 'int', possível perda de dados
C:\Users\Rebecca\source\repos\RiverRaid\RiverRaid\RiverRaid.cpp(1414,23): warning C4244: 'inicializando': conversão de 'float' para 'int', possível perda de dados
C:\Users\Rebecca\source\repos\RiverRaid\RiverRaid\RiverRaid.cpp(1415,23): warning C4244: 'inicializando': conversão de 'float' para 'int', possível perda de dados
C:\Users\Rebecca\source\repos\RiverRaid\RiverRaid\RiverRaid.cpp(1417,23): warning C4244: 'inicializando': conversão de 'float' para 'int', possível perda de dados
C:\Users\Rebecca\source\repos\RiverRaid\RiverRaid\RiverRaid.cpp(1418,23): warning C4244: 'inicializando': conversão de 'float' para 'int', possível perda de dados
C:\Users\Rebecca\source\repos\RiverRaid\RiverRaid\RiverRaid.cpp(1419,23): warning C4244: 'inicializando': conversão de 'float' para 'int', possível perda de dados
C:\Users\Rebecca\source\repos\RiverRaid\RiverRaid\RiverRaid.cpp(1420,23): warning C4244: 'inicializando': conversão de 'float' para 'int', possível perda de dados
C:\Users\Rebecca\source\repos\RiverRaid\RiverRaid\RiverRaid.cpp(1484,21): warning C4244: 'inicializando': conversão de 'float' para 'int', possível perda de dados
C:\Users\Rebecca\source\repos\RiverRaid\RiverRaid\RiverRaid.cpp(1485,21): warning C4244: 'inicializando': conversão de 'float' para 'int', possível perda de dados
C:\Users\Rebecca\source\repos\RiverRaid\RiverRaid\RiverRaid.cpp(1489,21): warning C4244: 'inicializando': conversão de 'float' para 'int', possível perda de dados
C:\Users\Rebecca\source\repos\RiverRaid\RiverRaid\RiverRaid.cpp(1490,21): warning C4244: 'inicializando': conversão de 'float' para 'int', possível perda de dados
C:\Users\Rebecca\source\repos\RiverRaid\RiverRaid\RiverRaid.cpp(1494,21): warning C4244: 'inicializando': conversão de 'float' para 'int', possível perda de dados
C:\Users\Rebecca\source\repos\RiverRaid\RiverRaid\RiverRaid.cpp(1495,21): warning C4244: 'inicializando': conversão de 'float' para 'int', possível perda de dados
C:\Users\Rebecca\source\repos\RiverRaid\RiverRaid\RiverRaid.cpp(1512,52): warning C4244: 'argumento': conversão de 'int' para 'GLfloat', possível perda de dados
C:\Users\Rebecca\source\repos\RiverRaid\RiverRaid\RiverRaid.cpp(1512,33): warning C4244: 'argumento': conversão de 'int' para 'GLfloat', possível perda de dados
  RiverRaid.vcxproj -> C:\Users\Rebecca\source\repos\RiverRaid\Debug\RiverRaid.exe
